Using pre-set license
Built from '2020.3/staging' branch; Version is '2020.3.8f1 (507919d4fff5) revision 5273881'; Using compiler version '192528614'; Build Type 'Release'
OS: 'Windows 10 Pro; OS build 19042.1237; Version 2009; 64bit' Language: 'tr' Physical Memory: 16235 MB
BatchMode: 1, IsHumanControllingUs: 0, StartBugReporterOnCrash: 0, Is64bit: 1, IsPro: 0

 COMMAND LINE ARGUMENTS:
C:\Program Files\Unity\Hub\Editor\2020.3.8f1\Editor\Unity.exe
-adb2
-batchMode
-noUpm
-name
AssetImportWorker0
-projectPath
C:/Users/Zet/Documents/FluffyGameStudio/Framework
-logFile
Logs/AssetImportWorker0.log
-srvPort
56017
Successfully changed project path to: C:/Users/Zet/Documents/FluffyGameStudio/Framework
C:/Users/Zet/Documents/FluffyGameStudio/Framework
Using Asset Import Pipeline V2.
Refreshing native plugins compatible for Editor in 81.97 ms, found 0 plugins.
Preloading 0 native plugins for Editor in 0.00 ms.
Initialize engine version: 2020.3.8f1 (507919d4fff5)
[Subsystems] Discovering subsystems at path C:/Program Files/Unity/Hub/Editor/2020.3.8f1/Editor/Data/Resources/UnitySubsystems
[Subsystems] Discovering subsystems at path C:/Users/Zet/Documents/FluffyGameStudio/Framework/Assets
GfxDevice: creating device client; threaded=0
Direct3D:
    Version:  Direct3D 11.0 [level 11.1]
    Renderer: NVIDIA GeForce GTX 1650 (ID=0x1f91)
    Vendor:   
    VRAM:     3962 MB
    Driver:   27.21.14.5763
Shader 'Universal Render Pipeline/Particles/Lit': fallback shader 'Universal Render Pipeline/Particles/SimpleLit' not found
Initialize mono
Mono path[0] = 'C:/Program Files/Unity/Hub/Editor/2020.3.8f1/Editor/Data/Managed'
Mono path[1] = 'C:/Program Files/Unity/Hub/Editor/2020.3.8f1/Editor/Data/MonoBleedingEdge/lib/mono/unityjit'
Mono config path = 'C:/Program Files/Unity/Hub/Editor/2020.3.8f1/Editor/Data/MonoBleedingEdge/etc'
Using monoOptions --debugger-agent=transport=dt_socket,embedding=1,server=y,suspend=n,address=127.0.0.1:56760
Begin MonoManager ReloadAssembly
Registering precompiled unity dll's ...
Register platform support module: C:/Program Files/Unity/Hub/Editor/2020.3.8f1/Editor/Data/PlaybackEngines/WindowsStandaloneSupport/UnityEditor.WindowsStandalone.Extensions.dll
Registered in 0.001504 seconds.
Native extension for WindowsStandalone target not found
Refreshing native plugins compatible for Editor in 83.37 ms, found 0 plugins.
Preloading 0 native plugins for Editor in 0.00 ms.
Mono: successfully reloaded assembly
- Completed reload, in  1.941 seconds
Platform modules already initialized, skipping
Registering precompiled user dll's ...
Registered in 0.008064 seconds.
Begin MonoManager ReloadAssembly
Native extension for WindowsStandalone target not found
Refreshing native plugins compatible for Editor in 86.52 ms, found 0 plugins.
Preloading 0 native plugins for Editor in 0.00 ms.
Mono: successfully reloaded assembly
- Completed reload, in  1.424 seconds
Platform modules already initialized, skipping
========================================================================
Worker process is ready to serve import requests
Shader 'Universal Render Pipeline/Particles/Lit': fallback shader 'Universal Render Pipeline/Particles/SimpleLit' not found
Launched and connected shader compiler UnityShaderCompiler.exe after 0.03 seconds
Refreshing native plugins compatible for Editor in 0.97 ms, found 0 plugins.
Preloading 0 native plugins for Editor in 0.00 ms.
Unloading 3181 Unused Serialized files (Serialized files now loaded: 0)
System memory in use before: 168.2 MB.
System memory in use after: 168.2 MB.

Unloading 32 unused Assets to reduce memory usage. Loaded Objects now: 3688.
Total: 17.544200 ms (FindLiveObjects: 0.276200 ms CreateObjectMapping: 0.148700 ms MarkObjects: 16.921200 ms  DeleteObjects: 0.197000 ms)

========================================================================
Received Import Request.
  path: Assets/_Templates/TopDown/Animations/_TopDownCharacterAC.controller
  artifactKey: Guid(35db16af6a873a8488f6490780192e2e) Importer(815301076,1909f56bfc062723c751e8b465ee728b)
Start importing Assets/_Templates/TopDown/Animations/_TopDownCharacterAC.controller using Guid(35db16af6a873a8488f6490780192e2e) Importer(815301076,1909f56bfc062723c751e8b465ee728b)  -> (artifact id: '0952b9aac8409de9333ed33f418f7613') in 0.031118 seconds
  Import took 0.036096 seconds .

========================================================================
Received Import Request.
  Time since last request: 19.119537 seconds.
  path: Assets/_Templates/TopDown/Models/DefaultStickman.fbx
  artifactKey: Guid(ec501d153c53d5844b599df87eed50a9) Importer(815301076,1909f56bfc062723c751e8b465ee728b)
Start importing Assets/_Templates/TopDown/Models/DefaultStickman.fbx using Guid(ec501d153c53d5844b599df87eed50a9) Importer(815301076,1909f56bfc062723c751e8b465ee728b)  -> (artifact id: '9e643596ff87e1d6f180975d5f14d0cd') in 0.432585 seconds
  Import took 0.438033 seconds .

========================================================================
Received Import Request.
  Time since last request: 61.139204 seconds.
  path: Assets/_Templates/TopDownCharacter
  artifactKey: Guid(4c9eb629b32542d41ba2ed7b83d0d8cd) Importer(815301076,1909f56bfc062723c751e8b465ee728b)
Start importing Assets/_Templates/TopDownCharacter using Guid(4c9eb629b32542d41ba2ed7b83d0d8cd) Importer(815301076,1909f56bfc062723c751e8b465ee728b)  -> (artifact id: '0794aa6bbcebbfefdd8f9ca8eb33088b') in 0.011214 seconds
  Import took 0.018996 seconds .

========================================================================
Received Prepare
Registering precompiled user dll's ...
Registered in 0.007543 seconds.
Begin MonoManager ReloadAssembly
Native extension for WindowsStandalone target not found
Refreshing native plugins compatible for Editor in 0.95 ms, found 0 plugins.
Preloading 0 native plugins for Editor in 0.00 ms.
Mono: successfully reloaded assembly
- Completed reload, in  1.310 seconds
Platform modules already initialized, skipping
Switching build target platform(5) subTarget(0) extendedPlatform(0) -> platform(13) subTarget(537395200) extendedPlatform(0)
Shader 'Universal Render Pipeline/Particles/Lit': fallback shader 'Universal Render Pipeline/Particles/SimpleLit' not found
Refreshing native plugins compatible for Editor in 0.97 ms, found 0 plugins.
Preloading 0 native plugins for Editor in 0.00 ms.
Unloading 2995 Unused Serialized files (Serialized files now loaded: 0)
System memory in use before: 182.9 MB.
System memory in use after: 182.9 MB.

Unloading 27 unused Assets to reduce memory usage. Loaded Objects now: 3774.
Total: 18.913500 ms (FindLiveObjects: 0.326500 ms CreateObjectMapping: 0.116200 ms MarkObjects: 18.309500 ms  DeleteObjects: 0.160000 ms)

AssetImportParameters requested are different than current active one (requested -> active):
  custom:graphics/normal-map-encoding: 01000000000000000000000000000000 -> 02000000000000000000000000000000
========================================================================
Received Import Request.
  Time since last request: 99.899094 seconds.
  path: Assets/_Templates/TopDownCharacter/TopDownCharacter.prefab
  artifactKey: Guid(42648c6c1b8845b45acbdc2346b5e0fa) Importer(815301076,1909f56bfc062723c751e8b465ee728b)
Start importing Assets/_Templates/TopDownCharacter/TopDownCharacter.prefab using Guid(42648c6c1b8845b45acbdc2346b5e0fa) Importer(815301076,1909f56bfc062723c751e8b465ee728b)  -> (artifact id: '8446701d31f5d864b9c1a62bb3199966') in 1.639544 seconds
  Import took 1.649519 seconds .

========================================================================
Received Import Request.
  Time since last request: 4.640221 seconds.
  path: Assets/_Templates/TopDownCharacter/Scripts/TopDownCharacterController.cs
  artifactKey: Guid(97283161303f3ac42b16bb4ccf2b2c02) Importer(815301076,1909f56bfc062723c751e8b465ee728b)
Start importing Assets/_Templates/TopDownCharacter/Scripts/TopDownCharacterController.cs using Guid(97283161303f3ac42b16bb4ccf2b2c02) Importer(815301076,1909f56bfc062723c751e8b465ee728b)  -> (artifact id: '87ba45cf80458e5134a37c39fda182af') in 0.010636 seconds
  Import took 0.017254 seconds .

========================================================================
Received Import Request.
  Time since last request: 0.022329 seconds.
  path: Assets/_Templates/TopDownCharacter/Scripts/TopDownCharacterController.cs
  artifactKey: Guid(97283161303f3ac42b16bb4ccf2b2c02) Importer(815301076,1909f56bfc062723c751e8b465ee728b)
Start importing Assets/_Templates/TopDownCharacter/Scripts/TopDownCharacterController.cs using Guid(97283161303f3ac42b16bb4ccf2b2c02) Importer(815301076,1909f56bfc062723c751e8b465ee728b)  -> (artifact id: '87ba45cf80458e5134a37c39fda182af') in 0.003453 seconds
  Import took 0.010922 seconds .

========================================================================
Received Import Request.
  Time since last request: 4.002593 seconds.
  path: Assets/_Templates/Default Template
  artifactKey: Guid(f963e95759cc5fa4ea939a4ee17d73b0) Importer(815301076,1909f56bfc062723c751e8b465ee728b)
Start importing Assets/_Templates/Default Template using Guid(f963e95759cc5fa4ea939a4ee17d73b0) Importer(815301076,1909f56bfc062723c751e8b465ee728b)  -> (artifact id: 'f055e4540d8ddedcd41722c60a6bc3f9') in 0.008207 seconds
  Import took 0.017408 seconds .

========================================================================
Received Import Request.
  Time since last request: 17.216695 seconds.
  path: Assets/Defaults/Fonts
  artifactKey: Guid(2f73c1efbe5ddd643b7b95b1369c497d) Importer(815301076,1909f56bfc062723c751e8b465ee728b)
Start importing Assets/Defaults/Fonts using Guid(2f73c1efbe5ddd643b7b95b1369c497d) Importer(815301076,1909f56bfc062723c751e8b465ee728b)  -> (artifact id: '5f13f653877d03bf05fa334ac7a4f0e5') in 0.009313 seconds
  Import took 0.015038 seconds .

========================================================================
Received Prepare
Registering precompiled user dll's ...
Registered in 0.007567 seconds.
Begin MonoManager ReloadAssembly
Native extension for WindowsStandalone target not found
Refreshing native plugins compatible for Editor in 0.92 ms, found 0 plugins.
Preloading 0 native plugins for Editor in 0.00 ms.
Mono: successfully reloaded assembly
- Completed reload, in  1.331 seconds
Platform modules already initialized, skipping
Switching build target platform(5) subTarget(0) extendedPlatform(0) -> platform(13) subTarget(537395200) extendedPlatform(0)
Shader 'Universal Render Pipeline/Particles/Lit': fallback shader 'Universal Render Pipeline/Particles/SimpleLit' not found
Refreshing native plugins compatible for Editor in 0.90 ms, found 0 plugins.
Preloading 0 native plugins for Editor in 0.00 ms.
Unloading 2995 Unused Serialized files (Serialized files now loaded: 0)
System memory in use before: 183.2 MB.
System memory in use after: 183.3 MB.

Unloading 27 unused Assets to reduce memory usage. Loaded Objects now: 3814.
Total: 20.260600 ms (FindLiveObjects: 0.317700 ms CreateObjectMapping: 0.124300 ms MarkObjects: 19.603300 ms  DeleteObjects: 0.213900 ms)

AssetImportParameters requested are different than current active one (requested -> active):
  custom:graphics/normal-map-encoding: 01000000000000000000000000000000 -> 02000000000000000000000000000000
========================================================================
Received Prepare
Registering precompiled user dll's ...
Registered in 0.007542 seconds.
Begin MonoManager ReloadAssembly
Native extension for WindowsStandalone target not found
Refreshing native plugins compatible for Editor in 0.98 ms, found 0 plugins.
Preloading 0 native plugins for Editor in 0.00 ms.
Mono: successfully reloaded assembly
- Completed reload, in  1.348 seconds
Platform modules already initialized, skipping
Switching build target platform(5) subTarget(0) extendedPlatform(0) -> platform(13) subTarget(537395200) extendedPlatform(0)
Shader 'Universal Render Pipeline/Particles/Lit': fallback shader 'Universal Render Pipeline/Particles/SimpleLit' not found
Refreshing native plugins compatible for Editor in 1.14 ms, found 0 plugins.
Preloading 0 native plugins for Editor in 0.00 ms.
Unloading 2995 Unused Serialized files (Serialized files now loaded: 0)
System memory in use before: 183.3 MB.
System memory in use after: 183.3 MB.

Unloading 27 unused Assets to reduce memory usage. Loaded Objects now: 3817.
Total: 19.242800 ms (FindLiveObjects: 0.309600 ms CreateObjectMapping: 0.127000 ms MarkObjects: 18.611700 ms  DeleteObjects: 0.193100 ms)

AssetImportParameters requested are different than current active one (requested -> active):
  custom:graphics/normal-map-encoding: 01000000000000000000000000000000 -> 02000000000000000000000000000000
========================================================================
Received Prepare
Registering precompiled user dll's ...
Registered in 0.007935 seconds.
Begin MonoManager ReloadAssembly
Native extension for WindowsStandalone target not found
Refreshing native plugins compatible for Editor in 0.91 ms, found 0 plugins.
Preloading 0 native plugins for Editor in 0.00 ms.
Mono: successfully reloaded assembly
- Completed reload, in  1.353 seconds
Platform modules already initialized, skipping
Switching build target platform(5) subTarget(0) extendedPlatform(0) -> platform(13) subTarget(537395200) extendedPlatform(0)
Shader 'Universal Render Pipeline/Particles/Lit': fallback shader 'Universal Render Pipeline/Particles/SimpleLit' not found
Refreshing native plugins compatible for Editor in 0.93 ms, found 0 plugins.
Preloading 0 native plugins for Editor in 0.00 ms.
Unloading 2995 Unused Serialized files (Serialized files now loaded: 0)
System memory in use before: 183.3 MB.
System memory in use after: 183.3 MB.

Unloading 27 unused Assets to reduce memory usage. Loaded Objects now: 3820.
Total: 20.556800 ms (FindLiveObjects: 0.317300 ms CreateObjectMapping: 0.140700 ms MarkObjects: 19.910200 ms  DeleteObjects: 0.187300 ms)

AssetImportParameters requested are different than current active one (requested -> active):
  custom:graphics/normal-map-encoding: 01000000000000000000000000000000 -> 02000000000000000000000000000000
========================================================================
Received Prepare
Registering precompiled user dll's ...
Registered in 0.008057 seconds.
Begin MonoManager ReloadAssembly
Native extension for WindowsStandalone target not found
Refreshing native plugins compatible for Editor in 1.09 ms, found 0 plugins.
Preloading 0 native plugins for Editor in 0.00 ms.
Mono: successfully reloaded assembly
- Completed reload, in  1.342 seconds
Platform modules already initialized, skipping
Switching build target platform(5) subTarget(0) extendedPlatform(0) -> platform(13) subTarget(537395200) extendedPlatform(0)
Shader 'Universal Render Pipeline/Particles/Lit': fallback shader 'Universal Render Pipeline/Particles/SimpleLit' not found
Refreshing native plugins compatible for Editor in 0.94 ms, found 0 plugins.
Preloading 0 native plugins for Editor in 0.00 ms.
Unloading 2995 Unused Serialized files (Serialized files now loaded: 0)
System memory in use before: 183.3 MB.
System memory in use after: 183.3 MB.

Unloading 27 unused Assets to reduce memory usage. Loaded Objects now: 3823.
Total: 18.845700 ms (FindLiveObjects: 0.303700 ms CreateObjectMapping: 0.110400 ms MarkObjects: 18.237000 ms  DeleteObjects: 0.193600 ms)

AssetImportParameters requested are different than current active one (requested -> active):
  custom:graphics/normal-map-encoding: 01000000000000000000000000000000 -> 02000000000000000000000000000000
========================================================================
Received Import Request.
  Time since last request: 897.950088 seconds.
  path: Assets/Plugins/RainbowAssets
  artifactKey: Guid(2d179837d2a8d734fb2f73b344de6e74) Importer(815301076,1909f56bfc062723c751e8b465ee728b)
Start importing Assets/Plugins/RainbowAssets using Guid(2d179837d2a8d734fb2f73b344de6e74) Importer(815301076,1909f56bfc062723c751e8b465ee728b)  -> (artifact id: 'b2dd88112923e92c6a274a1f8c67fb5b') in 0.012076 seconds
  Import took 0.020389 seconds .

========================================================================
Received Import Request.
  Time since last request: 0.577385 seconds.
  path: Assets/Plugins/RainbowAssets/!Core
  artifactKey: Guid(e1ca7d3bcf0734443b3bca63f3cc0ae8) Importer(815301076,1909f56bfc062723c751e8b465ee728b)
Start importing Assets/Plugins/RainbowAssets/!Core using Guid(e1ca7d3bcf0734443b3bca63f3cc0ae8) Importer(815301076,1909f56bfc062723c751e8b465ee728b)  -> (artifact id: '699dfecbdea5f713a902f5f4cb97cc62') in 0.007682 seconds
  Import took 0.013617 seconds .

========================================================================
Received Import Request.
  Time since last request: 1.727659 seconds.
  path: Assets/Plugins/RainbowAssets/!Core/Assemblies
  artifactKey: Guid(4761e2106001f2447beda538c75428a6) Importer(815301076,1909f56bfc062723c751e8b465ee728b)
Start importing Assets/Plugins/RainbowAssets/!Core/Assemblies using Guid(4761e2106001f2447beda538c75428a6) Importer(815301076,1909f56bfc062723c751e8b465ee728b)  -> (artifact id: '07a4d7041de8f75e44db339913a6fb9a') in 0.008369 seconds
  Import took 0.013860 seconds .

========================================================================
Received Import Request.
  Time since last request: 2.530536 seconds.
  path: Assets/Plugins/RainbowAssets/!Core/Assemblies/RainbowCore.dll
  artifactKey: Guid(76cfa04ae02c4394abaaa988cc4d61ce) Importer(815301076,1909f56bfc062723c751e8b465ee728b)
Start importing Assets/Plugins/RainbowAssets/!Core/Assemblies/RainbowCore.dll using Guid(76cfa04ae02c4394abaaa988cc4d61ce) Importer(815301076,1909f56bfc062723c751e8b465ee728b)  -> (artifact id: '16feddea8608183c0071aa8a79a579d3') in 0.009847 seconds
  Import took 0.015495 seconds .

========================================================================
Received Import Request.
  Time since last request: 0.051282 seconds.
  path: Assets/Plugins/RainbowAssets/!Core/Assemblies/RainbowCore.dll
  artifactKey: Guid(76cfa04ae02c4394abaaa988cc4d61ce) Importer(815301076,1909f56bfc062723c751e8b465ee728b)
Start importing Assets/Plugins/RainbowAssets/!Core/Assemblies/RainbowCore.dll using Guid(76cfa04ae02c4394abaaa988cc4d61ce) Importer(815301076,1909f56bfc062723c751e8b465ee728b)  -> (artifact id: '16feddea8608183c0071aa8a79a579d3') in 0.002223 seconds
  Import took 0.007253 seconds .

========================================================================
Received Import Request.
  Time since last request: 8.909212 seconds.
  path: Assets/Plugins/RainbowAssets/!Core/Source
  artifactKey: Guid(c06cc0e20e07ea64faa9ca34c6295b6b) Importer(815301076,1909f56bfc062723c751e8b465ee728b)
Start importing Assets/Plugins/RainbowAssets/!Core/Source using Guid(c06cc0e20e07ea64faa9ca34c6295b6b) Importer(815301076,1909f56bfc062723c751e8b465ee728b)  -> (artifact id: '0be9bc6de1cfcc7a2b5da58e684245de') in 0.006778 seconds
  Import took 0.012733 seconds .

========================================================================
Received Import Request.
  Time since last request: 0.752520 seconds.
  path: Assets/Plugins/RainbowAssets/!Core/Source/RainbowCore.src.unitypackage
  artifactKey: Guid(50ee1848c7a8ecc44932334370166827) Importer(815301076,1909f56bfc062723c751e8b465ee728b)
Start importing Assets/Plugins/RainbowAssets/!Core/Source/RainbowCore.src.unitypackage using Guid(50ee1848c7a8ecc44932334370166827) Importer(815301076,1909f56bfc062723c751e8b465ee728b)  -> (artifact id: '2bf39d7733282656607e30f14d3caaa1') in 0.019806 seconds
  Import took 0.026200 seconds .

========================================================================
Received Import Request.
  Time since last request: 4.044631 seconds.
  path: Assets/Plugins/RainbowAssets/!Core/NOTICES.txt
  artifactKey: Guid(2fc8b43aea5c69447b281ecc30112017) Importer(815301076,1909f56bfc062723c751e8b465ee728b)
Start importing Assets/Plugins/RainbowAssets/!Core/NOTICES.txt using Guid(2fc8b43aea5c69447b281ecc30112017) Importer(815301076,1909f56bfc062723c751e8b465ee728b)  -> (artifact id: '70885ce7bbddd3447f25b15fddc96cfb') in 0.012816 seconds
  Import took 0.019015 seconds .

========================================================================
Received Import Request.
  Time since last request: 29.514240 seconds.
  path: Assets/Plugins/RainbowAssets/RainbowFolders
  artifactKey: Guid(5c801c8e8717c834ebad879261ad5584) Importer(815301076,1909f56bfc062723c751e8b465ee728b)
Start importing Assets/Plugins/RainbowAssets/RainbowFolders using Guid(5c801c8e8717c834ebad879261ad5584) Importer(815301076,1909f56bfc062723c751e8b465ee728b)  -> (artifact id: '2fb8e91d21e4510055866e629440e8db') in 0.008104 seconds
  Import took 0.014487 seconds .

========================================================================
Received Import Request.
  Time since last request: 1.618059 seconds.
  path: Assets/Plugins/RainbowAssets/RainbowFolders/Demo
  artifactKey: Guid(64cd4626a77581d49b397fd673af4960) Importer(815301076,1909f56bfc062723c751e8b465ee728b)
Start importing Assets/Plugins/RainbowAssets/RainbowFolders/Demo using Guid(64cd4626a77581d49b397fd673af4960) Importer(815301076,1909f56bfc062723c751e8b465ee728b)  -> (artifact id: 'b5b57442d534a4ec955f1ce6c1b91e55') in 0.007410 seconds
  Import took 0.012561 seconds .

========================================================================
Received Import Request.
  Time since last request: 0.704702 seconds.
  path: Assets/Plugins/RainbowAssets/RainbowFolders/Editor
  artifactKey: Guid(fc6c22ab2ea5043bf8788e4a41ef31a3) Importer(815301076,1909f56bfc062723c751e8b465ee728b)
Start importing Assets/Plugins/RainbowAssets/RainbowFolders/Editor using Guid(fc6c22ab2ea5043bf8788e4a41ef31a3) Importer(815301076,1909f56bfc062723c751e8b465ee728b)  -> (artifact id: '595964d3e70a1c59019e486bd144228e') in 0.007478 seconds
  Import took 0.013218 seconds .

========================================================================
Received Import Request.
  Time since last request: 1.299330 seconds.
  path: Assets/Plugins/RainbowAssets/RainbowFolders/Editor/Assemblies
  artifactKey: Guid(0f80f687ebea0dd48bb8f8230c8e294d) Importer(815301076,1909f56bfc062723c751e8b465ee728b)
Start importing Assets/Plugins/RainbowAssets/RainbowFolders/Editor/Assemblies using Guid(0f80f687ebea0dd48bb8f8230c8e294d) Importer(815301076,1909f56bfc062723c751e8b465ee728b)  -> (artifact id: '294aeb4242a584e8c6c77f4a080e54ab') in 0.003903 seconds
  Import took 0.010271 seconds .

========================================================================
Received Import Request.
  Time since last request: 1.106470 seconds.
  path: Assets/Plugins/RainbowAssets/RainbowFolders/Editor/Assemblies/RainbowFolders.dll
  artifactKey: Guid(3bcb0d35ddf493043aaa14715c4ae5dc) Importer(815301076,1909f56bfc062723c751e8b465ee728b)
Start importing Assets/Plugins/RainbowAssets/RainbowFolders/Editor/Assemblies/RainbowFolders.dll using Guid(3bcb0d35ddf493043aaa14715c4ae5dc) Importer(815301076,1909f56bfc062723c751e8b465ee728b)  -> (artifact id: '906aad14ee8ad0dae1439e0f8577368d') in 0.002533 seconds
  Import took 0.007594 seconds .

========================================================================
Received Import Request.
  Time since last request: 140.045879 seconds.
  path: Assets/Defaults/Imports/StompyRobot/SRF/Scripts/Helpers/Hierarchy.cs
  artifactKey: Guid(ecf392c4c08d14543b90300c27422d60) Importer(815301076,1909f56bfc062723c751e8b465ee728b)
Start importing Assets/Defaults/Imports/StompyRobot/SRF/Scripts/Helpers/Hierarchy.cs using Guid(ecf392c4c08d14543b90300c27422d60) Importer(815301076,1909f56bfc062723c751e8b465ee728b)  -> (artifact id: '4b71cb10453c92ad60e697444adc4e0c') in 0.006509 seconds
  Import took 0.012148 seconds .

========================================================================
Received Import Request.
  Time since last request: 7.112599 seconds.
  path: Assets/Defaults/Imports/Demigiant/DemiLib/Core/DemiLib.dll
  artifactKey: Guid(54be29b67d0d29a478da2c6e5c62f091) Importer(815301076,1909f56bfc062723c751e8b465ee728b)
Start importing Assets/Defaults/Imports/Demigiant/DemiLib/Core/DemiLib.dll using Guid(54be29b67d0d29a478da2c6e5c62f091) Importer(815301076,1909f56bfc062723c751e8b465ee728b)  -> (artifact id: 'c89351e78108407d66e853a8bf53703f') in 0.009562 seconds
  Import took 0.015681 seconds .

========================================================================
Received Import Request.
  Time since last request: 2.868988 seconds.
  path: Assets/Plugins/RainbowAssets/RainbowHierarchy/Assemblies/RainbowHierarchy.dll
  artifactKey: Guid(ebe26e22332665d4c8332b2a624e5e8b) Importer(815301076,1909f56bfc062723c751e8b465ee728b)
Start importing Assets/Plugins/RainbowAssets/RainbowHierarchy/Assemblies/RainbowHierarchy.dll using Guid(ebe26e22332665d4c8332b2a624e5e8b) Importer(815301076,1909f56bfc062723c751e8b465ee728b)  -> (artifact id: '641856db2fb268c4c23cfe91e935f6ff') in 0.014497 seconds
  Import took 0.023279 seconds .

========================================================================
Received Import Request.
  Time since last request: 5.785040 seconds.
  path: Assets/Plugins/RainbowAssets/RainbowHierarchy/Source/RainbowHierarchy.src.unitypackage
  artifactKey: Guid(617b3f1032a08c14ebfedfa340767cdf) Importer(815301076,1909f56bfc062723c751e8b465ee728b)
Start importing Assets/Plugins/RainbowAssets/RainbowHierarchy/Source/RainbowHierarchy.src.unitypackage using Guid(617b3f1032a08c14ebfedfa340767cdf) Importer(815301076,1909f56bfc062723c751e8b465ee728b)  -> (artifact id: '0ff0d7304c0c4c631fa3eda3ea09c7c7') in 0.008288 seconds
  Import took 0.014558 seconds .

========================================================================
Received Import Request.
  Time since last request: 56.524693 seconds.
  path: Assets/Plugins/RainbowAssets/RainbowHierarchy
  artifactKey: Guid(2a4d4f8eda471674d93ce958ae95ac9f) Importer(815301076,1909f56bfc062723c751e8b465ee728b)
Start importing Assets/Plugins/RainbowAssets/RainbowHierarchy using Guid(2a4d4f8eda471674d93ce958ae95ac9f) Importer(815301076,1909f56bfc062723c751e8b465ee728b)  -> (artifact id: '704cdf417065527b141ffd36a424cd3a') in 0.003696 seconds
  Import took 0.017085 seconds .

========================================================================
Received Import Request.
  Time since last request: 1.753991 seconds.
  path: Assets/Defaults/Imports/Polygon Arsenal/Prefabs/Environment/Fireworks/Fountain/FireworkFountainRainbow.prefab
  artifactKey: Guid(10bcc8d2846e7fe4f9b067fb0812eadd) Importer(815301076,1909f56bfc062723c751e8b465ee728b)
Start importing Assets/Defaults/Imports/Polygon Arsenal/Prefabs/Environment/Fireworks/Fountain/FireworkFountainRainbow.prefab using Guid(10bcc8d2846e7fe4f9b067fb0812eadd) Importer(815301076,1909f56bfc062723c751e8b465ee728b)  -> (artifact id: 'c83830b008489e6f490a8d794e35509e') in 0.020262 seconds
  Import took 0.026563 seconds .

========================================================================
Received Import Request.
  Time since last request: 0.004123 seconds.
  path: Assets/Defaults/Imports/Polygon Arsenal/Prefabs/Environment/Fireworks/Fountain/FireworkFountainRainbow.prefab
  artifactKey: Guid(10bcc8d2846e7fe4f9b067fb0812eadd) Importer(815301076,1909f56bfc062723c751e8b465ee728b)
Start importing Assets/Defaults/Imports/Polygon Arsenal/Prefabs/Environment/Fireworks/Fountain/FireworkFountainRainbow.prefab using Guid(10bcc8d2846e7fe4f9b067fb0812eadd) Importer(815301076,1909f56bfc062723c751e8b465ee728b)  -> (artifact id: 'c83830b008489e6f490a8d794e35509e') in 0.006449 seconds
  Import took 0.012988 seconds .

========================================================================
Received Import Request.
  Time since last request: 0.000235 seconds.
  path: Assets/Defaults/Imports/Polygon Arsenal/Materials/Sprites/PolySprite_ADD.mat
  artifactKey: Guid(d0f04f68279b2ae4eb74da61364f4c0c) Importer(815301076,1909f56bfc062723c751e8b465ee728b)
Start importing Assets/Defaults/Imports/Polygon Arsenal/Materials/Sprites/PolySprite_ADD.mat using Guid(d0f04f68279b2ae4eb74da61364f4c0c) Importer(815301076,1909f56bfc062723c751e8b465ee728b)  -> (artifact id: '68be640141f4c0a2bd55529e57b9781c') in 0.297947 seconds
  Import took 0.302852 seconds .

========================================================================
Received Import Request.
  Time since last request: 0.043375 seconds.
  path: Assets/Defaults/Graphic/Sprite/rainbow.png
  artifactKey: Guid(7557d580c54e1344c99ca683d4610c75) Importer(815301076,1909f56bfc062723c751e8b465ee728b)
Start importing Assets/Defaults/Graphic/Sprite/rainbow.png using Guid(7557d580c54e1344c99ca683d4610c75) Importer(815301076,1909f56bfc062723c751e8b465ee728b)  -> (artifact id: '79eca5c4ba2e83e37b3a6b6a3964b6ab') in 0.036328 seconds
  Import took 0.041418 seconds .

========================================================================
Received Import Request.
  Time since last request: 0.809612 seconds.
  path: Assets/Defaults/Imports/Polygon Arsenal/Prefabs/Misc/RainbowDNA.prefab
  artifactKey: Guid(96614702a4e96014591f2f2e46426941) Importer(815301076,1909f56bfc062723c751e8b465ee728b)
Start importing Assets/Defaults/Imports/Polygon Arsenal/Prefabs/Misc/RainbowDNA.prefab using Guid(96614702a4e96014591f2f2e46426941) Importer(815301076,1909f56bfc062723c751e8b465ee728b)  -> (artifact id: '3cbc4f57ecde0dee3e196c249ac71fb0') in 0.010252 seconds
  Import took 0.016375 seconds .

========================================================================
Received Import Request.
  Time since last request: 0.006110 seconds.
  path: Assets/Defaults/Imports/Polygon Arsenal/Models/PolyTorus.FBX
  artifactKey: Guid(a7cdf6c0757ee5b478f604fceacaec7d) Importer(815301076,1909f56bfc062723c751e8b465ee728b)
Start importing Assets/Defaults/Imports/Polygon Arsenal/Models/PolyTorus.FBX using Guid(a7cdf6c0757ee5b478f604fceacaec7d) Importer(815301076,1909f56bfc062723c751e8b465ee728b)  -> (artifact id: '00245e15fd16b26b1ea34571fe0daabe') in 0.037114 seconds
  Import took 0.043117 seconds .

========================================================================
Received Import Request.
  Time since last request: 1.122520 seconds.
  path: Assets/Plugins/RainbowAssets/RainbowFolders/Editor/Data/RainbowFoldersRuleset.asset
  artifactKey: Guid(5e41b3c1212089d44971f715d8388de8) Importer(815301076,1909f56bfc062723c751e8b465ee728b)
Start importing Assets/Plugins/RainbowAssets/RainbowFolders/Editor/Data/RainbowFoldersRuleset.asset using Guid(5e41b3c1212089d44971f715d8388de8) Importer(815301076,1909f56bfc062723c751e8b465ee728b)  -> (artifact id: '23808b34b8113c784982aa0806c7b878') in 0.010462 seconds
  Import took 0.017347 seconds .

========================================================================
Received Import Request.
  Time since last request: 0.320175 seconds.
  path: Assets/Plugins/RainbowAssets/RainbowFolders/Editor/Source/RainbowFolders.src.unitypackage
  artifactKey: Guid(0248e41c3b61f024da11f0cfcc6f055d) Importer(815301076,1909f56bfc062723c751e8b465ee728b)
Start importing Assets/Plugins/RainbowAssets/RainbowFolders/Editor/Source/RainbowFolders.src.unitypackage using Guid(0248e41c3b61f024da11f0cfcc6f055d) Importer(815301076,1909f56bfc062723c751e8b465ee728b)  -> (artifact id: 'd6f7009300c18cae0183825985cdbac0') in 0.007900 seconds
  Import took 0.013280 seconds .

========================================================================
Received Import Request.
  Time since last request: 88.316627 seconds.
  path: Assets/_Project/Scripts/MainScripts/UIManager.cs
  artifactKey: Guid(91e57cec6007a0e4197d81e82b1bd983) Importer(815301076,1909f56bfc062723c751e8b465ee728b)
Start importing Assets/_Project/Scripts/MainScripts/UIManager.cs using Guid(91e57cec6007a0e4197d81e82b1bd983) Importer(815301076,1909f56bfc062723c751e8b465ee728b)  -> (artifact id: '37e5c9a5fc83b6e6a8850b4ef3d8561a') in 0.010298 seconds
  Import took 0.016186 seconds .

========================================================================
Received Prepare
Registering precompiled user dll's ...
Registered in 0.007973 seconds.
Begin MonoManager ReloadAssembly
Native extension for WindowsStandalone target not found
Refreshing native plugins compatible for Editor in 0.89 ms, found 0 plugins.
Preloading 0 native plugins for Editor in 0.00 ms.
Mono: successfully reloaded assembly
- Completed reload, in  1.390 seconds
Platform modules already initialized, skipping
Switching build target platform(5) subTarget(0) extendedPlatform(0) -> platform(13) subTarget(537395200) extendedPlatform(0)
Shader 'Universal Render Pipeline/Particles/Lit': fallback shader 'Universal Render Pipeline/Particles/SimpleLit' not found
Refreshing native plugins compatible for Editor in 1.48 ms, found 0 plugins.
Preloading 0 native plugins for Editor in 0.00 ms.
Unloading 2995 Unused Serialized files (Serialized files now loaded: 0)
System memory in use before: 184.1 MB.
System memory in use after: 184.1 MB.

Unloading 27 unused Assets to reduce memory usage. Loaded Objects now: 3865.
Total: 20.344700 ms (FindLiveObjects: 0.332900 ms CreateObjectMapping: 0.147500 ms MarkObjects: 19.657900 ms  DeleteObjects: 0.205100 ms)

AssetImportParameters requested are different than current active one (requested -> active):
  custom:graphics/normal-map-encoding: 01000000000000000000000000000000 -> 02000000000000000000000000000000
========================================================================
Received Import Request.
  Time since last request: 357.099038 seconds.
  path: Assets/_Project/Scripts/MainScripts/UIManager.cs
  artifactKey: Guid(91e57cec6007a0e4197d81e82b1bd983) Importer(815301076,1909f56bfc062723c751e8b465ee728b)
Start importing Assets/_Project/Scripts/MainScripts/UIManager.cs using Guid(91e57cec6007a0e4197d81e82b1bd983) Importer(815301076,1909f56bfc062723c751e8b465ee728b)  -> (artifact id: '5516e5e87920527ca93572e5d167d3aa') in 0.005659 seconds
  Import took 0.012621 seconds .

========================================================================
Received Import Request.
  Time since last request: 28.970444 seconds.
  path: Assets/_Project/Scenes/SplashScene.unity
  artifactKey: Guid(abe55c46c13045c409cfaf96d9d1ce43) Importer(815301076,1909f56bfc062723c751e8b465ee728b)
Start importing Assets/_Project/Scenes/SplashScene.unity using Guid(abe55c46c13045c409cfaf96d9d1ce43) Importer(815301076,1909f56bfc062723c751e8b465ee728b)  -> (artifact id: 'bece2033fa79dee595fd1a0e702612a7') in 0.014423 seconds
  Import took 0.019911 seconds .

========================================================================
Received Prepare
Registering precompiled user dll's ...
Registered in 0.012333 seconds.
Begin MonoManager ReloadAssembly
Native extension for WindowsStandalone target not found
Refreshing native plugins compatible for Editor in 0.98 ms, found 0 plugins.
Preloading 0 native plugins for Editor in 0.00 ms.
Mono: successfully reloaded assembly
- Completed reload, in  1.344 seconds
Platform modules already initialized, skipping
Switching build target platform(5) subTarget(0) extendedPlatform(0) -> platform(13) subTarget(537395200) extendedPlatform(0)
Shader 'Universal Render Pipeline/Particles/Lit': fallback shader 'Universal Render Pipeline/Particles/SimpleLit' not found
Refreshing native plugins compatible for Editor in 0.95 ms, found 0 plugins.
Preloading 0 native plugins for Editor in 0.00 ms.
Unloading 2995 Unused Serialized files (Serialized files now loaded: 0)
System memory in use before: 184.1 MB.
System memory in use after: 184.2 MB.

Unloading 27 unused Assets to reduce memory usage. Loaded Objects now: 3868.
Total: 19.399400 ms (FindLiveObjects: 0.296100 ms CreateObjectMapping: 0.144800 ms MarkObjects: 18.743300 ms  DeleteObjects: 0.213700 ms)

AssetImportParameters requested are different than current active one (requested -> active):
  custom:graphics/normal-map-encoding: 01000000000000000000000000000000 -> 02000000000000000000000000000000
========================================================================
Received Import Request.
  Time since last request: 71.599385 seconds.
  path: Assets/_Project/Scenes/GameScene3.unity
  artifactKey: Guid(8001528e7e3192f419209c1435982ec2) Importer(815301076,1909f56bfc062723c751e8b465ee728b)
Start importing Assets/_Project/Scenes/GameScene3.unity using Guid(8001528e7e3192f419209c1435982ec2) Importer(815301076,1909f56bfc062723c751e8b465ee728b)  -> (artifact id: 'bd5535f04c7d887d80fa42543175729b') in 0.017064 seconds
  Import took 0.024976 seconds .

========================================================================
Received Prepare
Registering precompiled user dll's ...
Registered in 0.008316 seconds.
Begin MonoManager ReloadAssembly
Native extension for WindowsStandalone target not found
Refreshing native plugins compatible for Editor in 0.98 ms, found 0 plugins.
Preloading 0 native plugins for Editor in 0.00 ms.
Mono: successfully reloaded assembly
- Completed reload, in  1.347 seconds
Platform modules already initialized, skipping
Switching build target platform(5) subTarget(0) extendedPlatform(0) -> platform(13) subTarget(537395200) extendedPlatform(0)
Shader 'Universal Render Pipeline/Particles/Lit': fallback shader 'Universal Render Pipeline/Particles/SimpleLit' not found
Refreshing native plugins compatible for Editor in 0.91 ms, found 0 plugins.
Preloading 0 native plugins for Editor in 0.00 ms.
Unloading 2995 Unused Serialized files (Serialized files now loaded: 0)
System memory in use before: 184.1 MB.
System memory in use after: 184.2 MB.

Unloading 27 unused Assets to reduce memory usage. Loaded Objects now: 3871.
Total: 18.873800 ms (FindLiveObjects: 0.303400 ms CreateObjectMapping: 0.129200 ms MarkObjects: 18.242700 ms  DeleteObjects: 0.197500 ms)

AssetImportParameters requested are different than current active one (requested -> active):
  custom:graphics/normal-map-encoding: 01000000000000000000000000000000 -> 02000000000000000000000000000000
========================================================================
Received Import Request.
  Time since last request: 39.807322 seconds.
  path: Assets/_Project/Scenes/GameScene2.unity
  artifactKey: Guid(f1d2a07e13429d54b91c3b82aa1ed3ea) Importer(815301076,1909f56bfc062723c751e8b465ee728b)
Start importing Assets/_Project/Scenes/GameScene2.unity using Guid(f1d2a07e13429d54b91c3b82aa1ed3ea) Importer(815301076,1909f56bfc062723c751e8b465ee728b)  -> (artifact id: '58b0c788863d353681809e822cc94942') in 0.017781 seconds
  Import took 0.024801 seconds .

========================================================================
Received Import Request.
  Time since last request: 0.416998 seconds.
  path: Assets/_Project/Scenes/GameScene.unity
  artifactKey: Guid(c4fda02d40c10fe47b38ff5fcdf6e793) Importer(815301076,1909f56bfc062723c751e8b465ee728b)
Start importing Assets/_Project/Scenes/GameScene.unity using Guid(c4fda02d40c10fe47b38ff5fcdf6e793) Importer(815301076,1909f56bfc062723c751e8b465ee728b)  -> (artifact id: '0a427ef77d05e4531b482e23dc33cc9e') in 0.010953 seconds
  Import took 0.026223 seconds .

========================================================================
Received Prepare
Registering precompiled user dll's ...
Registered in 0.007607 seconds.
Begin MonoManager ReloadAssembly
Native extension for WindowsStandalone target not found
Refreshing native plugins compatible for Editor in 0.93 ms, found 0 plugins.
Preloading 0 native plugins for Editor in 0.00 ms.
Mono: successfully reloaded assembly
- Completed reload, in  1.433 seconds
Platform modules already initialized, skipping
Switching build target platform(5) subTarget(0) extendedPlatform(0) -> platform(13) subTarget(537395200) extendedPlatform(0)
Shader 'Universal Render Pipeline/Particles/Lit': fallback shader 'Universal Render Pipeline/Particles/SimpleLit' not found
Refreshing native plugins compatible for Editor in 1.04 ms, found 0 plugins.
Preloading 0 native plugins for Editor in 0.00 ms.
Unloading 2995 Unused Serialized files (Serialized files now loaded: 0)
System memory in use before: 184.1 MB.
System memory in use after: 184.2 MB.

Unloading 27 unused Assets to reduce memory usage. Loaded Objects now: 3874.
Total: 19.299400 ms (FindLiveObjects: 0.284700 ms CreateObjectMapping: 0.134800 ms MarkObjects: 18.648100 ms  DeleteObjects: 0.230600 ms)

AssetImportParameters requested are different than current active one (requested -> active):
  custom:graphics/normal-map-encoding: 01000000000000000000000000000000 -> 02000000000000000000000000000000
========================================================================
Received Prepare
Registering precompiled user dll's ...
Registered in 0.008026 seconds.
Begin MonoManager ReloadAssembly
Native extension for WindowsStandalone target not found
Refreshing native plugins compatible for Editor in 2.52 ms, found 0 plugins.
Preloading 0 native plugins for Editor in 0.00 ms.
Mono: successfully reloaded assembly
- Completed reload, in  1.371 seconds
Platform modules already initialized, skipping
Switching build target platform(5) subTarget(0) extendedPlatform(0) -> platform(13) subTarget(537395200) extendedPlatform(0)
Shader 'Universal Render Pipeline/Particles/Lit': fallback shader 'Universal Render Pipeline/Particles/SimpleLit' not found
Refreshing native plugins compatible for Editor in 0.97 ms, found 0 plugins.
Preloading 0 native plugins for Editor in 0.00 ms.
Unloading 2995 Unused Serialized files (Serialized files now loaded: 0)
System memory in use before: 184.2 MB.
System memory in use after: 184.2 MB.

Unloading 27 unused Assets to reduce memory usage. Loaded Objects now: 3877.
Total: 21.128600 ms (FindLiveObjects: 0.375800 ms CreateObjectMapping: 0.163500 ms MarkObjects: 20.334800 ms  DeleteObjects: 0.252800 ms)

AssetImportParameters requested are different than current active one (requested -> active):
  custom:graphics/normal-map-encoding: 01000000000000000000000000000000 -> 02000000000000000000000000000000
========================================================================
Received Prepare
Registering precompiled user dll's ...
Registered in 0.008762 seconds.
Begin MonoManager ReloadAssembly
Native extension for WindowsStandalone target not found
Refreshing native plugins compatible for Editor in 0.93 ms, found 0 plugins.
Preloading 0 native plugins for Editor in 0.00 ms.
Mono: successfully reloaded assembly
- Completed reload, in  1.410 seconds
Platform modules already initialized, skipping
Switching build target platform(5) subTarget(0) extendedPlatform(0) -> platform(13) subTarget(537395200) extendedPlatform(0)
Shader 'Universal Render Pipeline/Particles/Lit': fallback shader 'Universal Render Pipeline/Particles/SimpleLit' not found
Refreshing native plugins compatible for Editor in 1.38 ms, found 0 plugins.
Preloading 0 native plugins for Editor in 0.00 ms.
Unloading 2995 Unused Serialized files (Serialized files now loaded: 0)
System memory in use before: 184.2 MB.
System memory in use after: 184.2 MB.

Unloading 27 unused Assets to reduce memory usage. Loaded Objects now: 3880.
Total: 20.253000 ms (FindLiveObjects: 0.358400 ms CreateObjectMapping: 0.208600 ms MarkObjects: 19.484400 ms  DeleteObjects: 0.200200 ms)

AssetImportParameters requested are different than current active one (requested -> active):
  custom:graphics/normal-map-encoding: 01000000000000000000000000000000 -> 02000000000000000000000000000000
========================================================================
Received Prepare
Registering precompiled user dll's ...
Registered in 0.008005 seconds.
Begin MonoManager ReloadAssembly
Native extension for WindowsStandalone target not found
Refreshing native plugins compatible for Editor in 1.02 ms, found 0 plugins.
Preloading 0 native plugins for Editor in 0.00 ms.
Mono: successfully reloaded assembly
- Completed reload, in  1.423 seconds
Platform modules already initialized, skipping
Switching build target platform(5) subTarget(0) extendedPlatform(0) -> platform(13) subTarget(537395200) extendedPlatform(0)
Shader 'Universal Render Pipeline/Particles/Lit': fallback shader 'Universal Render Pipeline/Particles/SimpleLit' not found
Refreshing native plugins compatible for Editor in 0.92 ms, found 0 plugins.
Preloading 0 native plugins for Editor in 0.00 ms.
Unloading 2995 Unused Serialized files (Serialized files now loaded: 0)
System memory in use before: 184.2 MB.
System memory in use after: 184.2 MB.

Unloading 27 unused Assets to reduce memory usage. Loaded Objects now: 3883.
Total: 19.286800 ms (FindLiveObjects: 0.316300 ms CreateObjectMapping: 0.134400 ms MarkObjects: 18.608100 ms  DeleteObjects: 0.226400 ms)

AssetImportParameters requested are different than current active one (requested -> active):
  custom:graphics/normal-map-encoding: 01000000000000000000000000000000 -> 02000000000000000000000000000000
========================================================================
Received Prepare
Registering precompiled user dll's ...
Registered in 0.007594 seconds.
Begin MonoManager ReloadAssembly
Native extension for WindowsStandalone target not found
Refreshing native plugins compatible for Editor in 0.91 ms, found 0 plugins.
Preloading 0 native plugins for Editor in 0.00 ms.
Mono: successfully reloaded assembly
- Completed reload, in  1.275 seconds
Platform modules already initialized, skipping
Switching build target platform(5) subTarget(0) extendedPlatform(0) -> platform(13) subTarget(537395200) extendedPlatform(0)
Shader 'Universal Render Pipeline/Particles/Lit': fallback shader 'Universal Render Pipeline/Particles/SimpleLit' not found
Refreshing native plugins compatible for Editor in 0.91 ms, found 0 plugins.
Preloading 0 native plugins for Editor in 0.00 ms.
Unloading 2995 Unused Serialized files (Serialized files now loaded: 0)
System memory in use before: 184.2 MB.
System memory in use after: 184.2 MB.

Unloading 27 unused Assets to reduce memory usage. Loaded Objects now: 3886.
Total: 18.617600 ms (FindLiveObjects: 0.302700 ms CreateObjectMapping: 0.113400 ms MarkObjects: 18.012100 ms  DeleteObjects: 0.188300 ms)

AssetImportParameters requested are different than current active one (requested -> active):
  custom:graphics/normal-map-encoding: 01000000000000000000000000000000 -> 02000000000000000000000000000000
AssetImportWorkerClient::OnTransportError - code=2 error=End of file
